[2021-12-28T13:48:29.933] [INFO] info - Server is running on port 3000.
[2021-12-28T18:59:17.505] [INFO] info - Server is running on port 3000.
[2021-12-28T19:00:41.857] [INFO] info - Server is running on port 3000.
[2021-12-28T19:00:46.611] [INFO] info - Server is running on port 3000.
[2021-12-28T19:01:00.624] [INFO] info - Server is running on port 3000.
[2021-12-28T19:01:03.946] [INFO] info - Server is running on port 3000.
[2021-12-28T19:01:44.386] [INFO] info - Server is running on port 3000.
[2021-12-28T19:01:47.533] [INFO] info - Server is running on port 3000.
[2021-12-28T19:01:50.208] [INFO] info - Server is running on port 3000.
[2021-12-28T19:01:57.011] [INFO] info - Server is running on port 3000.
[2021-12-28T19:02:43.241] [INFO] info - Server is running on port 3000.
[2021-12-28T19:02:48.891] [INFO] info - Server is running on port 3000.
[2021-12-28T19:03:11.395] [INFO] info - Server is running on port 3000.
[2021-12-28T19:03:13.258] [INFO] info - Server is running on port 3000.
[2021-12-28T19:04:06.405] [INFO] info - Server is running on port 3000.
[2021-12-28T19:04:09.645] [INFO] info - Server is running on port 3000.
[2021-12-28T19:04:11.568] [INFO] info - Server is running on port 3000.
[2021-12-28T19:04:56.758] [INFO] info - Server is running on port 3000.
[2021-12-28T19:05:01.814] [INFO] info - Server is running on port 3000.
[2021-12-28T19:06:39.752] [INFO] info - Server is running on port 3000.
[2021-12-28T19:07:02.491] [INFO] info - Server is running on port 3000.
[2021-12-28T19:07:03.698] [INFO] info - Server is running on port 3000.
[2021-12-28T19:07:06.795] [INFO] info - Server is running on port 3000.
[2021-12-28T19:07:10.059] [INFO] info - Server is running on port 3000.
[2021-12-28T19:07:19.972] [INFO] info - Server is running on port 3000.
[2021-12-28T19:07:21.182] [INFO] info - Server is running on port 3000.
[2021-12-28T19:07:23.268] [INFO] info - Server is running on port 3000.
[2021-12-28T19:07:28.626] [INFO] info - Server is running on port 3000.
[2021-12-28T19:07:41.698] [INFO] info - Server is running on port 3000.
[2021-12-28T19:07:50.799] [INFO] info - Server is running on port 3000.
[2021-12-28T19:07:55.584] [INFO] info - Server is running on port 3000.
[2021-12-28T19:08:02.632] [INFO] info - Server is running on port 3000.
[2021-12-28T19:08:04.372] [INFO] info - Server is running on port 3000.
[2021-12-28T19:11:56.853] [INFO] info - Server is running on port 3000.
[2021-12-28T19:11:58.593] [INFO] info - Server is running on port 3000.
[2021-12-28T19:13:39.949] [INFO] info - Server is running on port 3000.
[2021-12-28T19:13:53.148] [INFO] info - Server is running on port 3000.
[2021-12-28T19:14:10.537] [INFO] info - Server is running on port 3000.
[2021-12-28T19:14:15.255] [INFO] info - Server is running on port 3000.
[2021-12-28T19:14:17.014] [INFO] info - Server is running on port 3000.
[2021-12-28T19:14:27.071] [INFO] info - Server is running on port 3000.
[2021-12-28T19:14:32.124] [INFO] info - Server is running on port 3000.
[2021-12-28T19:16:31.969] [INFO] info - Category list is empty
[2021-12-28T19:17:12.174] [INFO] info - Server is running on port 3000.
[2021-12-28T19:17:17.494] [INFO] info - Server is running on port 3000.
[2021-12-28T19:17:21.634] [INFO] info - Server is running on port 3000.
[2021-12-28T19:17:41.656] [INFO] info - Server is running on port 3000.
[2021-12-28T19:17:45.993] [INFO] info - Server is running on port 3000.
[2021-12-28T19:17:51.513] [INFO] info - Server is running on port 3000.
[2021-12-28T19:17:53.063] [INFO] info - Server is running on port 3000.
[2021-12-28T19:17:57.452] [INFO] info - Server is running on port 3000.
[2021-12-28T19:18:04.199] [INFO] info - Server is running on port 3000.
[2021-12-28T19:18:08.089] [INFO] info - Server is running on port 3000.
[2021-12-28T19:18:11.275] [INFO] info - Server is running on port 3000.
[2021-12-28T19:18:34.840] [INFO] info - Category list is empty
[2021-12-28T19:20:48.935] [INFO] info - signin 200!
[2021-12-28T19:22:27.883] [INFO] info - Server is running on port 3000.
[2021-12-28T19:22:44.362] [INFO] info - Server is running on port 3000.
[2021-12-28T19:22:45.568] [INFO] info - Server is running on port 3000.
[2021-12-28T19:22:48.283] [INFO] info - Server is running on port 3000.
[2021-12-28T19:22:57.169] [INFO] info - Server is running on port 3000.
[2021-12-28T19:23:02.523] [INFO] info - Server is running on port 3000.
[2021-12-28T19:23:18.700] [INFO] info - Server is running on port 3000.
[2021-12-28T19:23:24.546] [INFO] info - Server is running on port 3000.
[2021-12-28T19:23:25.968] [INFO] info - Server is running on port 3000.
[2021-12-28T19:23:42.142] [INFO] info - Category Added!
[2021-12-28T19:25:02.501] [INFO] info - Server is running on port 3000.
[2021-12-28T19:25:06.186] [INFO] info - Server is running on port 3000.
[2021-12-28T19:25:08.932] [INFO] info - Server is running on port 3000.
[2021-12-28T19:25:11.009] [INFO] info - Server is running on port 3000.
[2021-12-28T19:25:13.889] [INFO] info - Server is running on port 3000.
[2021-12-28T19:25:17.506] [INFO] info - Server is running on port 3000.
[2021-12-28T19:25:43.526] [INFO] info - Server is running on port 3000.
[2021-12-28T19:26:27.888] [INFO] info - Server is running on port 3000.
[2021-12-28T19:26:30.648] [INFO] info - Server is running on port 3000.
[2021-12-28T19:26:33.786] [INFO] info - Server is running on port 3000.
[2021-12-28T19:26:37.217] [INFO] info - Server is running on port 3000.
[2021-12-28T19:26:37.910] [INFO] info - Category retrieved
[2021-12-28T19:27:04.593] [INFO] info - Server is running on port 3000.
[2021-12-28T19:27:09.721] [INFO] info - Server is running on port 3000.
[2021-12-28T19:27:17.572] [INFO] info - Category retrieved
[2021-12-28T19:30:33.080] [INFO] info - Category updated
[2021-12-28T19:31:11.516] [INFO] info - Category list is empty
[2021-12-28T19:31:14.698] [INFO] info - Category retrieved
[2021-12-28T19:31:19.519] [INFO] info - Category retrieved
[2021-12-28T19:35:35.548] [INFO] info - Server is running on port 3000.
[2021-12-28T19:35:49.840] [INFO] info - Server is running on port 3000.
[2021-12-28T19:35:53.955] [INFO] info - Server is running on port 3000.
[2021-12-28T19:36:06.180] [INFO] info - Server is running on port 3000.
[2021-12-28T19:36:34.133] [INFO] info - Server is running on port 3000.
[2021-12-28T19:36:36.243] [INFO] info - Server is running on port 3000.
[2021-12-28T19:36:40.615] [INFO] info - Server is running on port 3000.
[2021-12-28T19:36:56.825] [INFO] info - Server is running on port 3000.
[2021-12-28T19:37:02.173] [INFO] info - Server is running on port 3000.
[2021-12-28T19:37:05.475] [INFO] info - Server is running on port 3000.
[2021-12-28T19:37:17.005] [INFO] info - Server is running on port 3000.
[2021-12-28T19:37:22.544] [INFO] info - Server is running on port 3000.
[2021-12-28T19:37:27.374] [INFO] info - Server is running on port 3000.
[2021-12-28T19:37:41.418] [INFO] info - Server is running on port 3000.
[2021-12-28T19:38:04.622] [INFO] info - Server is running on port 3000.
[2021-12-28T19:38:13.713] [INFO] info - Server is running on port 3000.
[2021-12-28T19:38:16.748] [INFO] info - Server is running on port 3000.
[2021-12-28T19:38:29.259] [INFO] info - Server is running on port 3000.
[2021-12-28T19:38:37.424] [INFO] info - Server is running on port 3000.
[2021-12-28T19:38:39.402] [INFO] info - Server is running on port 3000.
[2021-12-28T19:38:45.495] [INFO] info - Server is running on port 3000.
[2021-12-28T19:38:46.937] [INFO] info - Server is running on port 3000.
[2021-12-28T19:39:00.584] [INFO] info - Server is running on port 3000.
[2021-12-28T19:39:01.757] [INFO] info - Server is running on port 3000.
[2021-12-28T19:39:09.155] [INFO] info - Server is running on port 3000.
[2021-12-28T19:40:03.408] [INFO] info - Country retrieved
[2021-12-28T19:40:30.164] [INFO] info - Server is running on port 3000.
[2021-12-28T19:40:31.309] [INFO] info - Country list is empty
[2021-12-28T19:42:04.244] [INFO] info - Server is running on port 3000.
[2021-12-28T19:42:06.609] [INFO] info - Server is running on port 3000.
[2021-12-28T19:42:10.387] [INFO] info - Server is running on port 3000.
[2021-12-28T19:42:37.627] [INFO] info - Server is running on port 3000.
[2021-12-28T19:42:41.025] [INFO] info - Server is running on port 3000.
[2021-12-28T19:42:52.235] [INFO] info - Server is running on port 3000.
[2021-12-28T19:43:19.805] [INFO] info - Server is running on port 3000.
[2021-12-28T19:43:21.963] [INFO] info - Server is running on port 3000.
[2021-12-28T19:43:23.506] [INFO] info - Country Added!
[2021-12-28T19:43:29.659] [INFO] info - Country retrieved
[2021-12-28T19:44:48.181] [INFO] info - Server is running on port 3000.
[2021-12-28T19:45:13.152] [INFO] info - Server is running on port 3000.
[2021-12-28T19:45:14.675] [INFO] info - Server is running on port 3000.
[2021-12-28T19:45:24.558] [INFO] info - Server is running on port 3000.
[2021-12-28T19:46:11.442] [INFO] info - Server is running on port 3000.
[2021-12-28T19:46:53.099] [INFO] info - Server is running on port 3000.
[2021-12-28T19:46:55.188] [INFO] info - Server is running on port 3000.
[2021-12-28T19:46:55.625] [INFO] info - Offers Added!
[2021-12-28T19:47:16.958] [INFO] info - Offers Added!
[2021-12-28T19:47:50.193] [INFO] info - Server is running on port 3000.
[2021-12-28T19:48:05.633] [INFO] info - Server is running on port 3000.
[2021-12-28T19:48:30.662] [INFO] info - Offers Added!
[2021-12-28T19:48:45.178] [INFO] info - Category retrieved
[2021-12-28T19:49:07.355] [INFO] info - Offers retrieved
[2021-12-28T19:51:38.005] [INFO] info - Subscription list is empty
[2021-12-28T19:53:50.358] [INFO] info - Server is running on port 3000.
[2021-12-28T19:54:15.390] [INFO] info - Server is running on port 3000.
[2021-12-28T19:54:24.248] [INFO] info - Server is running on port 3000.
[2021-12-28T19:54:36.402] [INFO] info - Server is running on port 3000.
[2021-12-28T19:54:37.520] [INFO] info - Subscription Added!
[2021-12-28T19:54:53.743] [INFO] info - Server is running on port 3000.
[2021-12-28T19:54:58.938] [INFO] info - Subscription Added!
[2021-12-28T19:55:05.651] [INFO] info - Subscription retrieved
[2021-12-28T19:55:48.816] [INFO] info - Subscription deleted
[2021-12-28T19:55:53.008] [INFO] info - Subscription retrieved
[2021-12-28T19:57:31.644] [INFO] info - Server is running on port 3000.
