[2022-01-15T08:52:17.117] [INFO] info - Server is running on port 3000.
[2022-01-15T09:06:20.227] [INFO] info - Server is running on port 3000.
[2022-01-15T09:06:36.197] [INFO] info - Server is running on port 3000.
[2022-01-15T09:06:45.920] [INFO] info - Server is running on port 3000.
[2022-01-15T09:06:55.501] [INFO] info - Server is running on port 3000.
[2022-01-15T09:06:57.356] [INFO] info - Server is running on port 3000.
[2022-01-15T09:06:58.985] [INFO] info - Server is running on port 3000.
[2022-01-15T09:07:01.880] [INFO] info - Server is running on port 3000.
[2022-01-15T09:07:03.636] [INFO] info - Server is running on port 3000.
[2022-01-15T09:07:17.722] [INFO] info - Server is running on port 3000.
[2022-01-15T09:08:27.474] [INFO] info - Server is running on port 3000.
[2022-01-15T09:08:29.549] [INFO] info - Server is running on port 3000.
[2022-01-15T09:08:32.099] [INFO] info - Server is running on port 3000.
[2022-01-15T09:08:38.185] [INFO] info - Server is running on port 3000.
[2022-01-15T09:08:40.931] [INFO] info - Server is running on port 3000.
[2022-01-15T09:08:50.593] [INFO] info - Server is running on port 3000.
[2022-01-15T09:09:13.358] [INFO] info - Server is running on port 3000.
[2022-01-15T09:11:45.044] [INFO] info - Server is running on port 3000.
[2022-01-15T09:19:58.537] [INFO] info - Server is running on port 3000.
[2022-01-15T09:20:00.014] [INFO] info - Server is running on port 3000.
[2022-01-15T09:20:05.202] [INFO] info - Server is running on port 3000.
[2022-01-15T09:21:15.533] [INFO] info - Server is running on port 3000.
[2022-01-15T09:21:21.790] [INFO] info - Server is running on port 3000.
[2022-01-15T09:21:45.238] [INFO] info - Server is running on port 3000.
[2022-01-15T09:21:49.752] [INFO] info - Server is running on port 3000.
[2022-01-15T09:21:53.971] [INFO] info - Server is running on port 3000.
[2022-01-15T09:21:58.979] [INFO] info - Server is running on port 3000.
[2022-01-15T09:24:22.433] [INFO] info - Server is running on port 3000.
[2022-01-15T09:35:29.357] [INFO] info - Server is running on port 3000.
[2022-01-15T09:37:02.778] [INFO] info - Server is running on port 3000.
[2022-01-15T09:44:28.104] [INFO] info - Server is running on port 3000.
[2022-01-15T09:45:09.356] [INFO] info - Server is running on port 3000.
[2022-01-15T09:45:35.119] [INFO] info - Server is running on port 3000.
[2022-01-15T09:45:39.668] [INFO] info - Server is running on port 3000.
[2022-01-15T09:45:46.564] [INFO] info - Server is running on port 3000.
[2022-01-15T09:45:48.902] [INFO] info - Server is running on port 3000.
[2022-01-15T09:46:12.489] [INFO] info - Server is running on port 3000.
[2022-01-15T09:48:08.265] [INFO] info - Server is running on port 3000.
[2022-01-15T09:48:09.661] [INFO] info - Server is running on port 3000.
[2022-01-15T09:48:13.610] [INFO] info - Server is running on port 3000.
[2022-01-15T09:48:16.563] [INFO] info - Server is running on port 3000.
[2022-01-15T09:48:19.163] [INFO] info - Server is running on port 3000.
[2022-01-15T09:48:32.403] [INFO] info - Server is running on port 3000.
[2022-01-15T09:48:56.529] [INFO] info - Server is running on port 3000.
[2022-01-15T09:49:07.182] [INFO] info - Server is running on port 3000.
[2022-01-15T09:49:12.412] [INFO] info - Server is running on port 3000.
[2022-01-15T09:49:44.612] [INFO] info - Server is running on port 3000.
[2022-01-15T09:49:47.517] [INFO] info - Server is running on port 3000.
[2022-01-15T09:49:50.000] [INFO] info - Server is running on port 3000.
[2022-01-15T09:50:14.380] [INFO] info - Server is running on port 3000.
[2022-01-15T09:52:00.439] [INFO] info - Server is running on port 3000.
[2022-01-15T09:52:05.669] [INFO] info - Server is running on port 3000.
[2022-01-15T09:52:40.662] [INFO] info - Server is running on port 3000.
[2022-01-15T09:52:45.820] [INFO] info - Server is running on port 3000.
[2022-01-15T09:52:53.808] [INFO] info - Server is running on port 3000.
[2022-01-15T09:53:26.650] [INFO] info - Server is running on port 3000.
[2022-01-15T09:55:52.064] [INFO] info - Server is running on port 3000.
[2022-01-15T09:55:57.895] [INFO] info - Server is running on port 3000.
[2022-01-15T09:56:08.273] [INFO] info - Server is running on port 3000.
[2022-01-15T09:56:18.047] [INFO] info - Server is running on port 3000.
[2022-01-15T09:56:23.109] [INFO] info - Server is running on port 3000.
[2022-01-15T09:56:31.955] [INFO] info - Server is running on port 3000.
[2022-01-15T09:56:48.606] [INFO] info - Server is running on port 3000.
[2022-01-15T09:57:40.145] [INFO] info - Server is running on port 3000.
[2022-01-15T09:58:42.279] [INFO] info - Server is running on port 3000.
[2022-01-15T09:58:47.229] [INFO] info - Server is running on port 3000.
[2022-01-15T09:58:52.638] [INFO] info - Server is running on port 3000.
[2022-01-15T09:58:53.936] [INFO] info - Server is running on port 3000.
[2022-01-15T10:01:06.618] [INFO] info - Server is running on port 3000.
[2022-01-15T10:02:57.802] [INFO] info - Server is running on port 3000.
[2022-01-15T10:03:35.045] [INFO] info - Server is running on port 3000.
[2022-01-15T10:04:03.152] [INFO] info - Server is running on port 3000.
[2022-01-15T10:04:12.618] [INFO] info - Server is running on port 3000.
[2022-01-15T10:04:19.342] [INFO] info - Server is running on port 3000.
[2022-01-15T10:04:22.799] [INFO] info - Server is running on port 3000.
[2022-01-15T10:04:26.390] [INFO] info - Server is running on port 3000.
[2022-01-15T10:04:51.211] [INFO] info - Server is running on port 3000.
[2022-01-15T10:04:55.201] [INFO] info - Server is running on port 3000.
[2022-01-15T10:04:59.434] [INFO] info - Server is running on port 3000.
[2022-01-15T10:05:31.153] [INFO] info - Server is running on port 3000.
[2022-01-15T10:05:38.843] [INFO] info - Server is running on port 3000.
[2022-01-15T10:05:41.111] [INFO] info - Server is running on port 3000.
[2022-01-15T10:06:46.426] [INFO] info - Server is running on port 3000.
[2022-01-15T10:06:51.221] [INFO] info - Server is running on port 3000.
[2022-01-15T10:07:56.611] [INFO] info - Server is running on port 3000.
[2022-01-15T10:09:06.030] [INFO] info - Server is running on port 3000.
[2022-01-15T10:11:13.328] [INFO] info - Country Added!
[2022-01-15T10:14:05.996] [INFO] info - Server is running on port 3000.
[2022-01-15T10:14:13.536] [INFO] info - Server is running on port 3000.
[2022-01-15T10:14:25.536] [INFO] info - Server is running on port 3000.
[2022-01-15T10:17:01.920] [INFO] info - Server is running on port 3000.
[2022-01-15T10:17:08.959] [INFO] info - Server is running on port 3000.
[2022-01-15T10:17:13.088] [INFO] info - Server is running on port 3000.
[2022-01-15T10:17:29.684] [INFO] info - Server is running on port 3000.
[2022-01-15T10:17:33.559] [INFO] info - Server is running on port 3000.
[2022-01-15T10:18:23.531] [INFO] info - Server is running on port 3000.
[2022-01-15T10:18:25.410] [INFO] info - Server is running on port 3000.
[2022-01-15T10:18:26.680] [INFO] info - Server is running on port 3000.
[2022-01-15T10:18:36.451] [INFO] info - Server is running on port 3000.
[2022-01-15T10:18:43.673] [INFO] info - Server is running on port 3000.
[2022-01-15T10:18:50.026] [INFO] info - Server is running on port 3000.
[2022-01-15T10:18:52.367] [INFO] info - Server is running on port 3000.
[2022-01-15T10:20:56.682] [INFO] info - Offers Added!
[2022-01-15T10:23:03.587] [INFO] info - Server is running on port 3000.
[2022-01-15T10:23:05.143] [INFO] info - Server is running on port 3000.
[2022-01-15T10:23:20.985] [INFO] info - Server is running on port 3000.
[2022-01-15T10:23:55.639] [INFO] info - Server is running on port 3000.
[2022-01-15T10:23:59.150] [INFO] info - Server is running on port 3000.
[2022-01-15T10:24:02.270] [INFO] info - Server is running on port 3000.
[2022-01-15T10:24:53.056] [INFO] info - Server is running on port 3000.
[2022-01-15T10:24:57.984] [INFO] info - Server is running on port 3000.
[2022-01-15T10:25:23.271] [INFO] info - Server is running on port 3000.
[2022-01-15T10:25:27.581] [INFO] info - Server is running on port 3000.
[2022-01-15T10:25:34.881] [INFO] info - Server is running on port 3000.
[2022-01-15T10:25:42.940] [INFO] info - Server is running on port 3000.
[2022-01-15T10:25:46.759] [INFO] info - Server is running on port 3000.
[2022-01-15T10:26:04.032] [INFO] info - Server is running on port 3000.
[2022-01-15T10:26:26.859] [INFO] info - Server is running on port 3000.
[2022-01-15T10:26:34.781] [INFO] info - Server is running on port 3000.
[2022-01-15T10:26:36.912] [INFO] info - Server is running on port 3000.
[2022-01-15T10:26:41.354] [INFO] info - Server is running on port 3000.
[2022-01-15T10:27:04.091] [INFO] info - Server is running on port 3000.
[2022-01-15T10:27:12.447] [INFO] info - Server is running on port 3000.
[2022-01-15T10:27:22.528] [INFO] info - Server is running on port 3000.
[2022-01-15T10:27:41.566] [INFO] info - Server is running on port 3000.
[2022-01-15T10:27:44.007] [INFO] info - Server is running on port 3000.
[2022-01-15T10:27:48.445] [INFO] info - Server is running on port 3000.
[2022-01-15T10:28:08.581] [INFO] info - Server is running on port 3000.
[2022-01-15T10:30:08.186] [INFO] info - Server is running on port 3000.
[2022-01-15T10:30:16.334] [INFO] info - Server is running on port 3000.
[2022-01-15T10:30:26.759] [INFO] info - Server is running on port 3000.
[2022-01-15T10:30:30.952] [INFO] info - Server is running on port 3000.
[2022-01-15T10:30:34.141] [INFO] info - Server is running on port 3000.
[2022-01-15T10:30:36.233] [INFO] info - Server is running on port 3000.
[2022-01-15T10:30:39.069] [INFO] info - Server is running on port 3000.
[2022-01-15T10:30:42.643] [INFO] info - Server is running on port 3000.
[2022-01-15T10:30:48.430] [INFO] info - Server is running on port 3000.
[2022-01-15T10:30:56.935] [INFO] info - Server is running on port 3000.
[2022-01-15T10:31:01.430] [INFO] info - Server is running on port 3000.
[2022-01-15T10:31:32.789] [INFO] info - Server is running on port 3000.
[2022-01-15T10:31:55.571] [INFO] info - Server is running on port 3000.
[2022-01-15T10:31:58.945] [INFO] info - Server is running on port 3000.
[2022-01-15T10:32:05.095] [INFO] info - Server is running on port 3000.
[2022-01-15T10:32:07.701] [INFO] info - Server is running on port 3000.
[2022-01-15T10:33:32.359] [INFO] info - Server is running on port 3000.
[2022-01-15T10:33:38.159] [INFO] info - Server is running on port 3000.
[2022-01-15T10:34:13.418] [INFO] info - Server is running on port 3000.
[2022-01-15T10:34:17.722] [INFO] info - Server is running on port 3000.
[2022-01-15T10:34:23.032] [INFO] info - Server is running on port 3000.
[2022-01-15T10:34:26.111] [INFO] info - Server is running on port 3000.
[2022-01-15T10:34:30.936] [INFO] info - Server is running on port 3000.
[2022-01-15T10:34:34.970] [INFO] info - Server is running on port 3000.
[2022-01-15T10:34:37.891] [INFO] info - Server is running on port 3000.
[2022-01-15T10:34:42.519] [INFO] info - Server is running on port 3000.
[2022-01-15T10:34:51.268] [INFO] info - Server is running on port 3000.
[2022-01-15T10:34:58.523] [INFO] info - Server is running on port 3000.
[2022-01-15T10:35:11.134] [INFO] info - Server is running on port 3000.
[2022-01-15T10:35:14.728] [INFO] info - Server is running on port 3000.
[2022-01-15T10:35:24.023] [INFO] info - Server is running on port 3000.
[2022-01-15T10:35:36.754] [INFO] info - Server is running on port 3000.
[2022-01-15T10:35:39.801] [INFO] info - Server is running on port 3000.
[2022-01-15T10:35:41.793] [INFO] info - Server is running on port 3000.
[2022-01-15T10:35:42.937] [INFO] info - Server is running on port 3000.
[2022-01-15T10:35:46.274] [INFO] info - Server is running on port 3000.
[2022-01-15T10:35:50.692] [INFO] info - Server is running on port 3000.
[2022-01-15T10:36:11.719] [INFO] info - Offers Added!
[2022-01-15T10:38:43.559] [INFO] info - Server is running on port 3000.
[2022-01-15T10:38:45.207] [INFO] info - Server is running on port 3000.
[2022-01-15T10:38:52.743] [INFO] info - Server is running on port 3000.
[2022-01-15T10:38:57.703] [INFO] info - Server is running on port 3000.
[2022-01-15T10:39:14.918] [INFO] info - Server is running on port 3000.
[2022-01-15T10:39:17.709] [INFO] info - Server is running on port 3000.
[2022-01-15T10:39:19.427] [INFO] info - Server is running on port 3000.
[2022-01-15T10:39:23.030] [INFO] info - Server is running on port 3000.
[2022-01-15T10:39:24.594] [INFO] info - Server is running on port 3000.
[2022-01-15T10:39:34.737] [INFO] info - Server is running on port 3000.
[2022-01-15T10:39:37.570] [INFO] info - Server is running on port 3000.
[2022-01-15T10:39:50.201] [INFO] info - Server is running on port 3000.
[2022-01-15T10:40:01.649] [INFO] info - Server is running on port 3000.
[2022-01-15T10:40:07.221] [INFO] info - Server is running on port 3000.
[2022-01-15T10:44:14.548] [INFO] info - Offers Added!
[2022-01-15T10:44:49.390] [INFO] info - Server is running on port 3000.
[2022-01-15T10:44:56.135] [INFO] info - Server is running on port 3000.
[2022-01-15T10:45:05.998] [INFO] info - Server is running on port 3000.
[2022-01-15T10:45:11.331] [INFO] info - Server is running on port 3000.
[2022-01-15T10:45:14.180] [INFO] info - Server is running on port 3000.
[2022-01-15T10:45:15.826] [INFO] info - Server is running on port 3000.
[2022-01-15T10:46:14.423] [INFO] info - Server is running on port 3000.
[2022-01-15T10:46:20.066] [INFO] info - Server is running on port 3000.
[2022-01-15T10:46:27.591] [INFO] info - Server is running on port 3000.
[2022-01-15T10:46:47.592] [INFO] info - Server is running on port 3000.
[2022-01-15T10:46:49.225] [INFO] info - Server is running on port 3000.
[2022-01-15T10:50:40.312] [INFO] info - Server is running on port 3000.
[2022-01-15T10:54:45.875] [INFO] info - Server is running on port 3000.
[2022-01-15T10:54:51.692] [INFO] info - Server is running on port 3000.
[2022-01-15T10:55:16.311] [INFO] info - Server is running on port 3000.
[2022-01-15T10:55:22.493] [INFO] info - Server is running on port 3000.
[2022-01-15T10:55:25.677] [INFO] info - Server is running on port 3000.
[2022-01-15T10:55:37.389] [INFO] info - Server is running on port 3000.
[2022-01-15T10:55:58.404] [INFO] info - Server is running on port 3000.
[2022-01-15T10:56:01.889] [INFO] info - Server is running on port 3000.
[2022-01-15T10:56:03.711] [INFO] info - Server is running on port 3000.
[2022-01-15T10:56:05.919] [INFO] info - Server is running on port 3000.
[2022-01-15T10:56:11.908] [INFO] info - Server is running on port 3000.
[2022-01-15T10:56:19.442] [INFO] info - Server is running on port 3000.
[2022-01-15T10:56:22.382] [INFO] info - Server is running on port 3000.
[2022-01-15T10:56:28.919] [INFO] info - Server is running on port 3000.
[2022-01-15T10:56:31.599] [INFO] info - Server is running on port 3000.
[2022-01-15T10:56:36.783] [INFO] info - Server is running on port 3000.
[2022-01-15T10:56:40.969] [INFO] info - Server is running on port 3000.
[2022-01-15T10:56:43.021] [INFO] info - Server is running on port 3000.
[2022-01-15T10:57:13.438] [INFO] info - Offers retrieved
[2022-01-15T10:57:32.639] [INFO] info - Server is running on port 3000.
[2022-01-15T10:57:49.307] [INFO] info - Server is running on port 3000.
[2022-01-15T10:59:29.628] [INFO] info - Server is running on port 3000.
[2022-01-15T10:59:35.788] [INFO] info - Offers retrieved
[2022-01-15T10:59:56.638] [INFO] info - Server is running on port 3000.
[2022-01-15T11:00:07.610] [INFO] info - Server is running on port 3000.
[2022-01-15T11:00:24.983] [INFO] info - Server is running on port 3000.
[2022-01-15T11:00:40.523] [INFO] info - Server is running on port 3000.
[2022-01-15T11:00:43.646] [INFO] info - Server is running on port 3000.
[2022-01-15T11:01:35.652] [INFO] info - Server is running on port 3000.
[2022-01-15T11:01:38.600] [INFO] info - Server is running on port 3000.
[2022-01-15T11:01:40.436] [INFO] info - Server is running on port 3000.
[2022-01-15T11:01:49.471] [INFO] info - Server is running on port 3000.
[2022-01-15T11:01:53.469] [INFO] info - Server is running on port 3000.
[2022-01-15T11:02:11.486] [INFO] info - Server is running on port 3000.
[2022-01-15T11:02:29.511] [INFO] info - Server is running on port 3000.
[2022-01-15T11:02:35.066] [INFO] info - Server is running on port 3000.
[2022-01-15T11:02:36.890] [INFO] info - Server is running on port 3000.
[2022-01-15T11:02:48.245] [INFO] info - Server is running on port 3000.
[2022-01-15T11:02:51.673] [INFO] info - Server is running on port 3000.
[2022-01-15T11:02:57.307] [INFO] info - Offers Added!
[2022-01-15T11:03:15.869] [INFO] info - Server is running on port 3000.
[2022-01-15T11:03:22.500] [INFO] info - Server is running on port 3000.
[2022-01-15T11:03:29.683] [INFO] info - Server is running on port 3000.
[2022-01-15T11:03:38.748] [INFO] info - Offers Added!
[2022-01-15T11:04:10.125] [INFO] info - Server is running on port 3000.
[2022-01-15T11:04:16.277] [INFO] info - Server is running on port 3000.
[2022-01-15T11:04:28.989] [INFO] info - Server is running on port 3000.
[2022-01-15T11:05:37.888] [INFO] info - Offers Added!
[2022-01-15T11:10:44.149] [INFO] info - Server is running on port 3000.
[2022-01-15T11:10:49.034] [INFO] info - Server is running on port 3000.
[2022-01-15T11:10:58.177] [INFO] info - Offers Added!
[2022-01-15T11:12:00.776] [INFO] info - Server is running on port 3000.
[2022-01-15T11:12:06.449] [INFO] info - Server is running on port 3000.
[2022-01-15T11:12:10.877] [INFO] info - Server is running on port 3000.
[2022-01-15T11:12:13.138] [INFO] info - Server is running on port 3000.
[2022-01-15T11:12:17.084] [INFO] info - Server is running on port 3000.
[2022-01-15T11:12:20.094] [INFO] info - Server is running on port 3000.
[2022-01-15T11:12:28.277] [INFO] info - Offers Added!
[2022-01-15T11:16:33.580] [INFO] info - Server is running on port 3000.
[2022-01-15T11:16:43.563] [INFO] info - Server is running on port 3000.
[2022-01-15T11:16:47.342] [INFO] info - Server is running on port 3000.
[2022-01-15T11:16:51.685] [INFO] info - Server is running on port 3000.
[2022-01-15T11:16:53.448] [INFO] info - Server is running on port 3000.
[2022-01-15T11:17:06.137] [INFO] info - Server is running on port 3000.
[2022-01-15T11:17:37.913] [INFO] info - Server is running on port 3000.
[2022-01-15T11:17:44.785] [INFO] info - Server is running on port 3000.
[2022-01-15T11:17:54.977] [INFO] info - Server is running on port 3000.
[2022-01-15T11:17:57.864] [INFO] info - Server is running on port 3000.
[2022-01-15T11:18:01.852] [INFO] info - Server is running on port 3000.
[2022-01-15T11:18:03.808] [INFO] info - Server is running on port 3000.
[2022-01-15T11:18:10.802] [INFO] info - Server is running on port 3000.
[2022-01-15T11:18:15.278] [INFO] info - Server is running on port 3000.
[2022-01-15T11:18:29.974] [INFO] info - Server is running on port 3000.
[2022-01-15T11:18:44.150] [INFO] info - Offers Added!
[2022-01-15T11:18:58.149] [INFO] info - Server is running on port 3000.
[2022-01-15T11:20:41.589] [INFO] info - Server is running on port 3000.
[2022-01-15T11:20:47.380] [INFO] info - Server is running on port 3000.
[2022-01-15T11:20:50.009] [INFO] info - Server is running on port 3000.
[2022-01-15T11:20:56.551] [INFO] info - Server is running on port 3000.
[2022-01-15T11:21:08.691] [INFO] info - Server is running on port 3000.
[2022-01-15T11:21:14.628] [INFO] info - Server is running on port 3000.
[2022-01-15T11:22:31.663] [INFO] info - Server is running on port 3000.
[2022-01-15T11:22:39.589] [INFO] info - Server is running on port 3000.
[2022-01-15T11:23:03.275] [INFO] info - Server is running on port 3000.
[2022-01-15T11:25:28.146] [INFO] info - Category Added!
[2022-01-15T11:26:46.976] [INFO] info - Server is running on port 3000.
[2022-01-15T11:27:01.381] [INFO] info - Server is running on port 3000.
[2022-01-15T11:27:21.238] [INFO] info - Server is running on port 3000.
[2022-01-15T11:27:48.155] [INFO] info - Server is running on port 3000.
[2022-01-15T11:28:01.888] [INFO] info - Server is running on port 3000.
[2022-01-15T11:28:09.849] [INFO] info - Server is running on port 3000.
[2022-01-15T11:28:25.248] [INFO] info - Server is running on port 3000.
[2022-01-15T11:28:41.117] [INFO] info - Server is running on port 3000.
[2022-01-15T11:28:51.548] [INFO] info - Server is running on port 3000.
[2022-01-15T11:29:08.472] [INFO] info - Server is running on port 3000.
[2022-01-15T11:29:16.393] [INFO] info - Server is running on port 3000.
[2022-01-15T11:29:34.477] [INFO] info - Server is running on port 3000.
[2022-01-15T11:29:38.122] [INFO] info - Server is running on port 3000.
[2022-01-15T11:29:42.487] [INFO] info - Server is running on port 3000.
[2022-01-15T11:29:44.082] [INFO] info - Server is running on port 3000.
[2022-01-15T11:29:46.712] [INFO] info - Server is running on port 3000.
[2022-01-15T11:30:02.478] [INFO] info - Server is running on port 3000.
[2022-01-15T11:30:07.468] [INFO] info - Server is running on port 3000.
[2022-01-15T11:30:16.891] [INFO] info - Shops retrieved
[2022-01-15T11:31:45.759] [INFO] info - Server is running on port 3000.
[2022-01-15T11:32:18.004] [INFO] info - Shops Added!
[2022-01-15T11:32:41.019] [INFO] info - Server is running on port 3000.
[2022-01-15T11:43:01.646] [INFO] info - Server is running on port 3000.
