[2022-01-24T19:22:49.183] [INFO] info - Server is running on port 3000.
[2022-01-24T19:24:27.929] [INFO] info - Server is running on port 3000.
[2022-01-24T19:25:49.915] [INFO] info - Server is running on port 3000.
[2022-01-24T19:26:16.476] [INFO] info - Server is running on port 3000.
[2022-01-24T19:26:40.194] [INFO] info - Server is running on port 3000.
[2022-01-24T19:27:30.203] [INFO] info - Server is running on port 3000.
[2022-01-24T19:27:54.361] [INFO] info - Server is running on port 3000.
[2022-01-24T19:28:35.301] [INFO] info - Server is running on port 3000.
[2022-01-24T19:28:36.368] [INFO] info - Server is running on port 3000.
[2022-01-24T19:30:10.919] [INFO] info - signin 200!
[2022-01-24T19:31:04.320] [INFO] info - Server is running on port 3000.
[2022-01-24T19:31:23.331] [INFO] info - signin 200!
[2022-01-24T19:46:59.484] [INFO] info - Server is running on port 3000.
[2022-01-24T19:47:22.767] [INFO] info - Server is running on port 3000.
[2022-01-24T19:47:35.965] [INFO] info - Server is running on port 3000.
[2022-01-24T19:48:40.291] [INFO] info - User registered successfully
[2022-01-24T19:49:26.326] [INFO] info - signin 200!
[2022-01-24T19:51:09.179] [INFO] info - Server is running on port 3000.
[2022-01-24T19:51:11.476] [INFO] info - Server is running on port 3000.
[2022-01-24T19:51:13.798] [INFO] info - Server is running on port 3000.
[2022-01-24T19:51:21.286] [INFO] info - Server is running on port 3000.
[2022-01-24T19:52:06.896] [INFO] info - Server is running on port 3000.
[2022-01-24T19:52:21.271] [INFO] info - Server is running on port 3000.
[2022-01-24T19:53:15.831] [INFO] info - Server is running on port 3000.
[2022-01-24T19:53:17.063] [INFO] info - Server is running on port 3000.
[2022-01-24T19:53:30.452] [INFO] info - Server is running on port 3000.
[2022-01-24T19:53:32.352] [INFO] info - Server is running on port 3000.
[2022-01-24T19:53:36.839] [INFO] info - Server is running on port 3000.
[2022-01-24T19:53:39.048] [INFO] info - Server is running on port 3000.
[2022-01-24T19:53:51.708] [INFO] info - Server is running on port 3000.
[2022-01-24T19:53:55.444] [INFO] info - Server is running on port 3000.
[2022-01-24T19:54:28.347] [INFO] info - Server is running on port 3000.
[2022-01-24T19:54:30.795] [INFO] info - Server is running on port 3000.
[2022-01-24T19:54:39.307] [INFO] info - Server is running on port 3000.
[2022-01-24T19:54:41.767] [INFO] info - Server is running on port 3000.
[2022-01-24T19:54:47.899] [INFO] info - Server is running on port 3000.
[2022-01-24T19:54:54.908] [INFO] info - Server is running on port 3000.
[2022-01-24T19:55:12.265] [INFO] info - Server is running on port 3000.
[2022-01-24T19:55:15.553] [INFO] info - Server is running on port 3000.
[2022-01-24T19:55:19.565] [INFO] info - Server is running on port 3000.
[2022-01-24T19:55:23.049] [INFO] info - Server is running on port 3000.
[2022-01-24T19:55:24.895] [INFO] info - Server is running on port 3000.
[2022-01-24T19:55:44.997] [INFO] info - Server is running on port 3000.
[2022-01-24T19:55:55.550] [INFO] info - Server is running on port 3000.
[2022-01-24T19:56:02.048] [INFO] info - Server is running on port 3000.
[2022-01-24T19:56:34.494] [INFO] info - signin 200!
[2022-01-24T19:56:45.280] [INFO] info - Server is running on port 3000.
[2022-01-24T19:56:46.855] [INFO] info - Server is running on port 3000.
[2022-01-24T19:57:57.495] [INFO] info - Server is running on port 3000.
[2022-01-24T19:58:04.007] [INFO] info - Server is running on port 3000.
[2022-01-24T19:58:05.435] [INFO] info - Server is running on port 3000.
[2022-01-24T19:58:08.310] [INFO] info - signin 200!
[2022-01-24T19:58:41.059] [INFO] info - Server is running on port 3000.
[2022-01-24T19:59:44.805] [INFO] info - Server is running on port 3000.
[2022-01-24T20:00:10.788] [INFO] info - Server is running on port 3000.
[2022-01-24T20:00:32.704] [INFO] info - Server is running on port 3000.
[2022-01-24T20:01:09.843] [INFO] info - Server is running on port 3000.
[2022-01-24T20:02:09.957] [INFO] info - Server is running on port 3000.
[2022-01-24T20:02:14.660] [INFO] info - Server is running on port 3000.
[2022-01-24T20:02:26.801] [INFO] info - Server is running on port 3000.
[2022-01-24T20:02:30.750] [INFO] info - Server is running on port 3000.
[2022-01-24T20:02:31.738] [INFO] info - Server is running on port 3000.
[2022-01-24T20:02:34.227] [INFO] info - Server is running on port 3000.
[2022-01-24T20:02:37.862] [INFO] info - Server is running on port 3000.
[2022-01-24T20:05:09.830] [INFO] info - Server is running on port 3000.
[2022-01-24T20:05:14.767] [INFO] info - Server is running on port 3000.
[2022-01-24T20:05:17.194] [INFO] info - Server is running on port 3000.
[2022-01-24T20:05:24.237] [INFO] info - Server is running on port 3000.
[2022-01-24T20:06:12.580] [INFO] info - Server is running on port 3000.
[2022-01-24T20:06:27.158] [INFO] info - Server is running on port 3000.
[2022-01-24T20:06:36.008] [INFO] info - Server is running on port 3000.
[2022-01-24T20:06:38.885] [INFO] info - Server is running on port 3000.
[2022-01-24T20:06:41.888] [INFO] info - Server is running on port 3000.
[2022-01-24T20:06:52.530] [INFO] info - Server is running on port 3000.
[2022-01-24T20:06:54.373] [INFO] info - Server is running on port 3000.
[2022-01-24T20:07:00.932] [INFO] info - Server is running on port 3000.
[2022-01-24T20:07:09.781] [INFO] info - Server is running on port 3000.
[2022-01-24T20:07:21.626] [INFO] info - Server is running on port 3000.
[2022-01-24T20:07:44.275] [INFO] info - Server is running on port 3000.
[2022-01-24T20:07:47.295] [INFO] info - Server is running on port 3000.
[2022-01-24T20:08:52.406] [INFO] info - Server is running on port 3000.
[2022-01-24T20:08:57.467] [INFO] info - Server is running on port 3000.
[2022-01-24T20:09:04.215] [INFO] info - Server is running on port 3000.
[2022-01-24T20:09:49.995] [INFO] info - Server is running on port 3000.
[2022-01-24T20:09:58.493] [INFO] info - Server is running on port 3000.
[2022-01-24T20:10:01.858] [INFO] info - Server is running on port 3000.
[2022-01-24T20:10:03.159] [INFO] info - Server is running on port 3000.
[2022-01-24T20:10:42.257] [INFO] info - Server is running on port 3000.
[2022-01-24T20:12:14.856] [INFO] info - signin 200!
[2022-01-24T20:14:40.306] [INFO] info - Server is running on port 3000.
[2022-01-24T20:14:48.124] [INFO] info - Server is running on port 3000.
[2022-01-24T20:14:52.661] [INFO] info - Server is running on port 3000.
[2022-01-24T20:14:55.569] [INFO] info - Server is running on port 3000.
[2022-01-24T20:15:00.468] [INFO] info - Server is running on port 3000.
[2022-01-24T20:17:26.693] [INFO] info - signin 200!
[2022-01-24T20:17:51.804] [WARN] info - signin Invalid Password!
[2022-01-24T20:17:57.651] [INFO] info - signin 200!
[2022-01-24T20:18:32.991] [INFO] info - country_category retrieved
[2022-01-24T20:19:04.181] [INFO] info - Server is running on port 3000.
[2022-01-24T20:19:11.526] [INFO] info - Server is running on port 3000.
[2022-01-24T20:19:15.442] [INFO] info - Server is running on port 3000.
[2022-01-24T20:19:20.409] [INFO] info - Server is running on port 3000.
[2022-01-24T20:19:24.322] [INFO] info - Server is running on port 3000.
[2022-01-24T20:20:05.597] [INFO] info - Server is running on port 3000.
[2022-01-24T20:20:10.368] [INFO] info - Server is running on port 3000.
[2022-01-24T20:20:29.426] [INFO] info - Server is running on port 3000.
[2022-01-24T20:20:32.318] [INFO] info - Server is running on port 3000.
[2022-01-24T20:20:41.369] [INFO] info - Server is running on port 3000.
[2022-01-24T20:20:44.538] [INFO] info - Server is running on port 3000.
[2022-01-24T20:21:18.258] [INFO] info - Subscription retrieved
[2022-01-24T20:21:33.286] [INFO] info - Server is running on port 3000.
[2022-01-24T20:21:45.407] [INFO] info - Server is running on port 3000.
[2022-01-24T20:21:51.173] [INFO] info - Server is running on port 3000.
[2022-01-24T20:21:55.821] [INFO] info - Server is running on port 3000.
[2022-01-24T20:22:01.238] [INFO] info - Server is running on port 3000.
[2022-01-24T20:22:27.274] [INFO] info - Server is running on port 3000.
[2022-01-24T20:22:31.268] [INFO] info - Server is running on port 3000.
[2022-01-24T20:22:38.110] [INFO] info - Server is running on port 3000.
[2022-01-24T20:22:41.314] [INFO] info - Server is running on port 3000.
[2022-01-24T20:22:43.866] [INFO] info - Server is running on port 3000.
[2022-01-24T20:27:35.740] [INFO] info - Server is running on port 3000.
[2022-01-24T20:27:38.228] [INFO] info - Server is running on port 3000.
[2022-01-24T20:27:46.761] [INFO] info - Server is running on port 3000.
[2022-01-24T20:28:04.691] [INFO] info - Document retrieved
[2022-01-24T20:28:14.556] [INFO] info - Server is running on port 3000.
[2022-01-24T20:28:17.520] [INFO] info - Server is running on port 3000.
[2022-01-24T20:28:22.629] [INFO] info - Server is running on port 3000.
[2022-01-24T20:28:26.482] [INFO] info - Server is running on port 3000.
[2022-01-24T20:28:28.874] [INFO] info - Server is running on port 3000.
[2022-01-24T20:28:52.249] [INFO] info - Server is running on port 3000.
[2022-01-24T20:29:14.112] [INFO] info - Shops retrieved
[2022-01-24T20:29:35.169] [INFO] info - Server is running on port 3000.
[2022-01-24T20:29:39.130] [INFO] info - Server is running on port 3000.
[2022-01-24T20:33:08.056] [INFO] info - Server is running on port 3000.
[2022-01-24T20:33:11.352] [INFO] info - Server is running on port 3000.
[2022-01-24T20:33:14.725] [INFO] info - Server is running on port 3000.
[2022-01-24T20:33:18.448] [INFO] info - Server is running on port 3000.
[2022-01-24T20:33:22.247] [INFO] info - Server is running on port 3000.
[2022-01-24T20:35:11.505] [INFO] info - Server is running on port 3000.
[2022-01-24T20:35:12.973] [INFO] info - Server is running on port 3000.
[2022-01-24T20:35:15.353] [INFO] info - Server is running on port 3000.
[2022-01-24T20:35:20.918] [INFO] info - Server is running on port 3000.
[2022-01-24T20:35:21.866] [INFO] info - Server is running on port 3000.
[2022-01-24T20:35:55.612] [INFO] info - Shops retrieved
[2022-01-24T20:36:05.189] [INFO] info - Server is running on port 3000.
[2022-01-24T20:36:09.700] [INFO] info - Server is running on port 3000.
[2022-01-24T20:36:35.770] [INFO] info - Server is running on port 3000.
[2022-01-24T20:36:55.163] [INFO] info - Server is running on port 3000.
[2022-01-24T20:36:59.001] [INFO] info - Server is running on port 3000.
[2022-01-24T20:37:38.006] [INFO] info - Server is running on port 3000.
[2022-01-24T20:37:42.959] [INFO] info - Server is running on port 3000.
[2022-01-24T20:37:45.873] [INFO] info - Server is running on port 3000.
[2022-01-24T20:37:48.712] [INFO] info - Server is running on port 3000.
[2022-01-24T20:37:52.483] [INFO] info - Server is running on port 3000.
[2022-01-24T20:37:55.290] [INFO] info - Server is running on port 3000.
[2022-01-24T20:37:58.325] [INFO] info - Server is running on port 3000.
[2022-01-24T20:38:33.238] [INFO] info - Server is running on port 3000.
[2022-01-24T20:38:38.600] [INFO] info - Server is running on port 3000.
[2022-01-24T20:38:42.028] [INFO] info - Server is running on port 3000.
[2022-01-24T20:39:10.494] [INFO] info - Category retrieved
[2022-01-24T20:39:26.250] [INFO] info - Offers retrieved
[2022-01-24T20:40:01.382] [INFO] info - Server is running on port 3000.
[2022-01-24T20:40:18.888] [INFO] info - Server is running on port 3000.
[2022-01-24T20:40:22.359] [INFO] info - Server is running on port 3000.
[2022-01-24T20:40:26.730] [INFO] info - Server is running on port 3000.
[2022-01-24T20:40:29.271] [INFO] info - Server is running on port 3000.
[2022-01-24T20:40:37.459] [INFO] info - Server is running on port 3000.
[2022-01-24T20:40:38.433] [INFO] info - Server is running on port 3000.
[2022-01-24T20:40:40.449] [INFO] info - Server is running on port 3000.
[2022-01-24T20:40:45.173] [INFO] info - Server is running on port 3000.
[2022-01-24T20:40:53.396] [INFO] info - Server is running on port 3000.
[2022-01-24T20:40:55.170] [INFO] info - Server is running on port 3000.
[2022-01-24T20:40:56.511] [INFO] info - Server is running on port 3000.
[2022-01-24T20:41:08.034] [INFO] info - Server is running on port 3000.
[2022-01-24T20:41:12.996] [INFO] info - Server is running on port 3000.
[2022-01-24T20:41:30.962] [INFO] info - Server is running on port 3000.
[2022-01-24T20:41:32.165] [INFO] info - Server is running on port 3000.
[2022-01-24T20:41:45.997] [INFO] info - Server is running on port 3000.
[2022-01-24T20:42:00.609] [INFO] info - Server is running on port 3000.
[2022-01-24T20:42:03.281] [INFO] info - Server is running on port 3000.
[2022-01-24T20:55:14.766] [INFO] info - Server is running on port 3000.
[2022-01-24T20:55:16.554] [INFO] info - Server is running on port 3000.
[2022-01-24T20:56:05.599] [INFO] info - Server is running on port 3000.
[2022-01-24T20:56:15.480] [INFO] info - Server is running on port 3000.
[2022-01-24T20:57:09.107] [INFO] info - Server is running on port 3000.
[2022-01-24T20:57:15.572] [INFO] info - Server is running on port 3000.
[2022-01-24T21:02:06.132] [INFO] info - Server is running on port 3000.
[2022-01-24T21:02:14.720] [INFO] info - Server is running on port 3000.
[2022-01-24T21:02:39.813] [INFO] info - Server is running on port 3000.
[2022-01-24T21:02:41.018] [INFO] info - Server is running on port 3000.
[2022-01-24T21:02:42.124] [INFO] info - Server is running on port 3000.
[2022-01-24T21:03:13.714] [INFO] info - Server is running on port 3000.
[2022-01-24T21:03:15.532] [INFO] info - Server is running on port 3000.
[2022-01-24T21:03:29.596] [INFO] info - Server is running on port 3000.
[2022-01-24T21:04:12.815] [INFO] info - Server is running on port 3000.
[2022-01-24T21:04:14.357] [INFO] info - Server is running on port 3000.
[2022-01-24T21:05:27.322] [INFO] info - Server is running on port 3000.
[2022-01-24T21:07:00.177] [INFO] info - Server is running on port 3000.
[2022-01-24T21:07:02.816] [INFO] info - Server is running on port 3000.
[2022-01-24T21:07:26.365] [INFO] info - Server is running on port 3000.
[2022-01-24T21:09:22.156] [INFO] info - Server is running on port 3000.
[2022-01-24T21:09:23.804] [INFO] info - Server is running on port 3000.
[2022-01-24T21:09:29.317] [INFO] info - Server is running on port 3000.
[2022-01-24T21:09:40.582] [INFO] info - Server is running on port 3000.
[2022-01-24T21:09:50.193] [INFO] info - Server is running on port 3000.
[2022-01-24T21:10:52.934] [INFO] info - Server is running on port 3000.
[2022-01-24T21:10:55.386] [INFO] info - Server is running on port 3000.
[2022-01-24T21:10:56.410] [INFO] info - Server is running on port 3000.
[2022-01-24T21:10:58.504] [INFO] info - Server is running on port 3000.
[2022-01-24T21:11:09.647] [INFO] info - Server is running on port 3000.
[2022-01-24T21:11:15.032] [INFO] info - Server is running on port 3000.
[2022-01-24T21:11:24.351] [INFO] info - Server is running on port 3000.
[2022-01-24T21:11:26.264] [INFO] info - Server is running on port 3000.
[2022-01-24T21:11:32.213] [INFO] info - Server is running on port 3000.
[2022-01-24T21:11:43.842] [INFO] info - Server is running on port 3000.
[2022-01-24T21:11:51.556] [INFO] info - Server is running on port 3000.
[2022-01-24T21:11:58.184] [INFO] info - Server is running on port 3000.
[2022-01-24T21:12:02.911] [INFO] info - Server is running on port 3000.
[2022-01-24T21:12:09.710] [INFO] info - Server is running on port 3000.
[2022-01-24T21:12:17.198] [INFO] info - Server is running on port 3000.
[2022-01-24T21:14:29.413] [INFO] info - Server is running on port 3000.
[2022-01-24T21:15:58.969] [INFO] info - Server is running on port 3000.
[2022-01-24T21:17:08.764] [INFO] info - Server is running on port 3000.
[2022-01-24T21:17:23.309] [INFO] info - Server is running on port 3000.
[2022-01-24T21:17:30.112] [INFO] info - Server is running on port 3000.
[2022-01-24T21:17:37.194] [INFO] info - Server is running on port 3000.
[2022-01-24T21:17:45.308] [INFO] info - Server is running on port 3000.
[2022-01-24T21:17:48.590] [INFO] info - Server is running on port 3000.
[2022-01-24T21:17:49.900] [INFO] info - Server is running on port 3000.
[2022-01-24T21:17:54.226] [INFO] info - Server is running on port 3000.
[2022-01-24T21:17:59.501] [INFO] info - Server is running on port 3000.
[2022-01-24T21:18:07.745] [INFO] info - Server is running on port 3000.
[2022-01-24T21:18:13.488] [INFO] info - Server is running on port 3000.
[2022-01-24T21:18:20.482] [INFO] info - Server is running on port 3000.
[2022-01-24T21:18:22.931] [INFO] info - Server is running on port 3000.
[2022-01-24T21:18:34.852] [INFO] info - Server is running on port 3000.
[2022-01-24T21:18:38.203] [INFO] info - Server is running on port 3000.
[2022-01-24T21:19:11.813] [INFO] info - Server is running on port 3000.
[2022-01-24T21:19:22.203] [INFO] info - Server is running on port 3000.
[2022-01-24T21:19:33.597] [INFO] info - Server is running on port 3000.
[2022-01-24T21:19:39.420] [INFO] info - Server is running on port 3000.
[2022-01-24T21:19:49.422] [INFO] info - Server is running on port 3000.
[2022-01-24T21:20:00.129] [INFO] info - Server is running on port 3000.
[2022-01-24T21:20:46.525] [INFO] info - Server is running on port 3000.
[2022-01-24T21:20:50.836] [INFO] info - Server is running on port 3000.
